# Logfile created on 2014-01-03 12:48:24 -0800 by logger.rb/36483
E, [2014-01-03T12:48:24.495742 #43899] ERROR -- : Errno::EACCES: Permission denied - /Library/Ruby/Gems/2.0.0/build_info/RedCloth-4.2.9.info
/System/Library/Frameworks/Ruby.framework/Versions/2.0/usr/lib/ruby/2.0.0/open-uri.rb:36:in `initialize'  \n/System/Library/Frameworks/Ruby.framework/Versions/2.0/usr/lib/ruby/2.0.0/open-uri.rb:36:in `open'  \n/System/Library/Frameworks/Ruby.framework/Versions/2.0/usr/lib/ruby/2.0.0/open-uri.rb:36:in `open'  \n/System/Library/Frameworks/Ruby.framework/Versions/2.0/usr/lib/ruby/2.0.0/rubygems/installer.rb:776:in `write_build_info_file'  \n/System/Library/Frameworks/Ruby.framework/Versions/2.0/usr/lib/ruby/2.0.0/rubygems/installer.rb:219:in `install'  \n/Library/Ruby/Gems/2.0.0/gems/bundler-1.5.1/lib/bundler/source/rubygems.rb:101:in `block in install'  \n/Library/Ruby/Gems/2.0.0/gems/bundler-1.5.1/lib/bundler/rubygems_integration.rb:118:in `preserve_paths'  \n/Library/Ruby/Gems/2.0.0/gems/bundler-1.5.1/lib/bundler/source/rubygems.rb:94:in `install'  \n/Library/Ruby/Gems/2.0.0/gems/bundler-1.5.1/lib/bundler/installer.rb:111:in `block in install_gem_from_spec'  \n/Library/Ruby/Gems/2.0.0/gems/bundler-1.5.1/lib/bundler/rubygems_integration.rb:150:in `with_build_args'  \n/Library/Ruby/Gems/2.0.0/gems/bundler-1.5.1/lib/bundler/installer.rb:110:in `install_gem_from_spec'  \n/Library/Ruby/Gems/2.0.0/gems/bundler-1.5.1/lib/bundler/installer.rb:295:in `block in install_sequentially'  \n/System/Library/Frameworks/Ruby.framework/Versions/2.0/usr/lib/ruby/2.0.0/forwardable.rb:171:in `each'  \n/System/Library/Frameworks/Ruby.framework/Versions/2.0/usr/lib/ruby/2.0.0/forwardable.rb:171:in `each'  \n/Library/Ruby/Gems/2.0.0/gems/bundler-1.5.1/lib/bundler/installer.rb:294:in `install_sequentially'  \n/Library/Ruby/Gems/2.0.0/gems/bundler-1.5.1/lib/bundler/installer.rb:97:in `run'  \n/Library/Ruby/Gems/2.0.0/gems/bundler-1.5.1/lib/bundler/installer.rb:15:in `install'  \n/Library/Ruby/Gems/2.0.0/gems/bundler-1.5.1/lib/bundler/cli.rb:257:in `install'  \n/Library/Ruby/Gems/2.0.0/gems/bundler-1.5.1/lib/bundler/vendor/thor/command.rb:27:in `run'  \n/Library/Ruby/Gems/2.0.0/gems/bundler-1.5.1/lib/bundler/vendor/thor/invocation.rb:120:in `invoke_command'  \n/Library/Ruby/Gems/2.0.0/gems/bundler-1.5.1/lib/bundler/vendor/thor.rb:363:in `dispatch'  \n/Library/Ruby/Gems/2.0.0/gems/bundler-1.5.1/lib/bundler/vendor/thor/base.rb:438:in `start'  \n/Library/Ruby/Gems/2.0.0/gems/bundler-1.5.1/lib/bundler/cli.rb:10:in `start'  \n/Library/Ruby/Gems/2.0.0/gems/bundler-1.5.1/bin/bundle:22:in `block in <top (required)>'  \n/Library/Ruby/Gems/2.0.0/gems/bundler-1.5.1/lib/bundler/friendly_errors.rb:5:in `with_friendly_errors'  \n/Library/Ruby/Gems/2.0.0/gems/bundler-1.5.1/bin/bundle:22:in `<top (required)>'  \n/usr/bin/bundle:23:in `load'  \n/usr/bin/bundle:23:in `<main>'
I, [2014-01-03T12:48:55.083197 #44018]  INFO -- : 0:  RedCloth (4.2.9) from /Library/Ruby/Gems/2.0.0/specifications/RedCloth-4.2.9.gemspec
I, [2014-01-03T12:48:55.916496 #44018]  INFO -- : 0:  blankslate (2.1.2.4) from /Library/Ruby/Gems/2.0.0/specifications/blankslate-2.1.2.4.gemspec
I, [2014-01-03T12:48:56.971297 #44018]  INFO -- : 0:  fast-stemmer (1.0.2) from /Library/Ruby/Gems/2.0.0/specifications/fast-stemmer-1.0.2.gemspec
I, [2014-01-03T12:48:57.625030 #44018]  INFO -- : 0:  classifier (1.3.4) from /Library/Ruby/Gems/2.0.0/specifications/classifier-1.3.4.gemspec
I, [2014-01-03T12:48:58.277383 #44018]  INFO -- : 0:  colorator (0.1) from /Library/Ruby/Gems/2.0.0/specifications/colorator-0.1.gemspec
I, [2014-01-03T12:48:59.825674 #44018]  INFO -- : 0:  highline (1.6.20) from /Library/Ruby/Gems/2.0.0/specifications/highline-1.6.20.gemspec
I, [2014-01-03T12:49:00.616353 #44018]  INFO -- : 0:  commander (4.1.5) from /Library/Ruby/Gems/2.0.0/specifications/commander-4.1.5.gemspec
I, [2014-01-03T12:49:05.726895 #44018]  INFO -- : 0:  ffi (1.9.3) from /Library/Ruby/Gems/2.0.0/specifications/ffi-1.9.3.gemspec
I, [2014-01-03T12:49:06.951867 #44018]  INFO -- : 0:  liquid (2.5.4) from /Library/Ruby/Gems/2.0.0/specifications/liquid-2.5.4.gemspec
I, [2014-01-03T12:49:06.952332 #44018]  INFO -- : 0:  rb-fsevent (0.9.4) from /Library/Ruby/Gems/2.0.0/specifications/rb-fsevent-0.9.4.gemspec
I, [2014-01-03T12:49:07.828325 #44018]  INFO -- : 0:  rb-inotify (0.9.3) from /Library/Ruby/Gems/2.0.0/specifications/rb-inotify-0.9.3.gemspec
I, [2014-01-03T12:49:08.782802 #44018]  INFO -- : 0:  rb-kqueue (0.2.0) from /Library/Ruby/Gems/2.0.0/specifications/rb-kqueue-0.2.0.gemspec
I, [2014-01-03T12:49:09.452353 #44018]  INFO -- : 0:  listen (1.3.1) from /Library/Ruby/Gems/2.0.0/specifications/listen-1.3.1.gemspec
I, [2014-01-03T12:49:10.451950 #44018]  INFO -- : 0:  maruku (0.7.0) from /Library/Ruby/Gems/2.0.0/specifications/maruku-0.7.0.gemspec
I, [2014-01-03T12:49:11.301126 #44018]  INFO -- : 0:  posix-spawn (0.3.8) from /Library/Ruby/Gems/2.0.0/specifications/posix-spawn-0.3.8.gemspec
I, [2014-01-03T12:49:13.729213 #44018]  INFO -- : 0:  yajl-ruby (1.1.0) from /Library/Ruby/Gems/2.0.0/specifications/yajl-ruby-1.1.0.gemspec
I, [2014-01-03T12:49:16.293805 #44018]  INFO -- : 0:  pygments.rb (0.5.4) from /Library/Ruby/Gems/2.0.0/specifications/pygments.rb-0.5.4.gemspec
I, [2014-01-03T12:49:18.716686 #44018]  INFO -- : 0:  redcarpet (2.3.0) from /Library/Ruby/Gems/2.0.0/specifications/redcarpet-2.3.0.gemspec
I, [2014-01-03T12:49:19.510069 #44018]  INFO -- : 0:  safe_yaml (0.9.7) from /Library/Ruby/Gems/2.0.0/specifications/safe_yaml-0.9.7.gemspec
I, [2014-01-03T12:49:20.841673 #44018]  INFO -- : 0:  parslet (1.5.0) from /Library/Ruby/Gems/2.0.0/specifications/parslet-1.5.0.gemspec
I, [2014-01-03T12:49:21.448111 #44018]  INFO -- : 0:  toml (0.1.0) from /Library/Ruby/Gems/2.0.0/specifications/toml-0.1.0.gemspec
I, [2014-01-03T12:49:23.101983 #44018]  INFO -- : 0:  jekyll (1.4.2) from /Library/Ruby/Gems/2.0.0/specifications/jekyll-1.4.2.gemspec
I, [2014-01-03T12:49:25.044437 #44018]  INFO -- : 0:  kramdown (1.2.0) from /Library/Ruby/Gems/2.0.0/specifications/kramdown-1.2.0.gemspec
I, [2014-01-03T12:49:28.021966 #44018]  INFO -- : 0:  rdiscount (2.1.7) from /Library/Ruby/Gems/2.0.0/specifications/rdiscount-2.1.7.gemspec
I, [2014-01-03T12:49:28.579745 #44018]  INFO -- : 0:  github-pages (12) from /Library/Ruby/Gems/2.0.0/specifications/github-pages-12.gemspec
I, [2014-01-03T12:49:28.580038 #44018]  INFO -- : 0:  bundler (1.5.1) from /Library/Ruby/Gems/2.0.0/specifications/bundler-1.5.1.gemspec
